<?xml version="1.0" encoding="UTF-8"?>
<testng-results skipped="0" failed="0" ignored="4" total="10" passed="6">
  <reporter-output>
  </reporter-output>
  <suite name="Web" duration-ms="10133" started-at="2020-10-01T22:55:03 IST" finished-at="2020-10-01T22:55:13 IST">
    <groups>
      <group name="smoke">
        <method signature="First.ThirdTest()[pri:0, instance:test.First@2758fe70]" name="ThirdTest" class="test.First"/>
      </group> <!-- smoke -->
    </groups>
    <test name="Test" duration-ms="54" started-at="2020-10-01T22:55:03 IST" finished-at="2020-10-01T22:55:03 IST">
      <class name="test.First">
        <test-method status="PASS" signature="First()[pri:0, instance:test.First@2758fe70]" name="First" is-config="true" duration-ms="1" started-at="2020-10-01T22:55:03 IST" finished-at="2020-10-01T22:55:03 IST">
          <reporter-output>
          </reporter-output>
        </test-method> <!-- First -->
        <test-method status="PASS" signature="ThirdTest()[pri:0, instance:test.First@2758fe70]" name="ThirdTest" duration-ms="7" started-at="2020-10-01T22:55:03 IST" finished-at="2020-10-01T22:55:03 IST">
          <reporter-output>
          </reporter-output>
        </test-method> <!-- ThirdTest -->
      </class> <!-- test.First -->
    </test> <!-- Test -->
    <test name="api" duration-ms="21" started-at="2020-10-01T22:55:08 IST" finished-at="2020-10-01T22:55:08 IST">
      <class name="test.ThirdClass">
        <test-method status="PASS" signature="Apilogin()[pri:0, instance:test.ThirdClass@48503868]" name="Apilogin" duration-ms="2" started-at="2020-10-01T22:55:08 IST" finished-at="2020-10-01T22:55:08 IST">
          <reporter-output>
          </reporter-output>
        </test-method> <!-- Apilogin -->
        <test-method status="PASS" signature="MobileAndroidApilogin()[pri:0, instance:test.ThirdClass@48503868]" name="MobileAndroidApilogin" duration-ms="1" started-at="2020-10-01T22:55:08 IST" finished-at="2020-10-01T22:55:08 IST">
          <reporter-output>
          </reporter-output>
        </test-method> <!-- MobileAndroidApilogin -->
        <test-method status="PASS" signature="WebApilogin()[pri:0, instance:test.ThirdClass@48503868]" name="WebApilogin" duration-ms="2" started-at="2020-10-01T22:55:08 IST" finished-at="2020-10-01T22:55:08 IST">
          <reporter-output>
          </reporter-output>
        </test-method> <!-- WebApilogin -->
      </class> <!-- test.ThirdClass -->
      <class name="test1.Test11">
        <test-method status="PASS" signature="BeforeFirst()[pri:0, instance:test1.Test11@6895a785]" name="BeforeFirst" is-config="true" duration-ms="1" started-at="2020-10-01T22:55:08 IST" finished-at="2020-10-01T22:55:08 IST">
          <reporter-output>
          </reporter-output>
        </test-method> <!-- BeforeFirst -->
        <test-method status="PASS" signature="First()[pri:0, instance:test1.Test11@6895a785]" name="First" duration-ms="1" started-at="2020-10-01T22:55:08 IST" finished-at="2020-10-01T22:55:08 IST">
          <reporter-output>
          </reporter-output>
        </test-method> <!-- First -->
        <test-method status="PASS" signature="AfterFirst()[pri:0, instance:test1.Test11@6895a785]" name="AfterFirst" is-config="true" duration-ms="0" started-at="2020-10-01T22:55:08 IST" finished-at="2020-10-01T22:55:08 IST">
          <reporter-output>
          </reporter-output>
        </test-method> <!-- AfterFirst -->
      </class> <!-- test1.Test11 -->
    </test> <!-- api -->
    <test name="pack" duration-ms="8" started-at="2020-10-01T22:55:13 IST" finished-at="2020-10-01T22:55:13 IST">
      <class name="test.ThirdClass">
        <test-method status="PASS" signature="Beforelogin()[pri:0, instance:test.ThirdClass@48503868]" name="Beforelogin" is-config="true" duration-ms="11" started-at="2020-10-01T22:55:03 IST" finished-at="2020-10-01T22:55:03 IST">
          <reporter-output>
          </reporter-output>
        </test-method> <!-- Beforelogin -->
        <test-method status="PASS" signature="Afterlogin()[pri:0, instance:test.ThirdClass@48503868]" name="Afterlogin" is-config="true" duration-ms="1" started-at="2020-10-01T22:55:18 IST" finished-at="2020-10-01T22:55:18 IST">
          <reporter-output>
          </reporter-output>
        </test-method> <!-- Afterlogin -->
      </class> <!-- test.ThirdClass -->
      <class name="test1.Test11">
        <test-method status="PASS" signature="BeforeFirst()[pri:0, instance:test1.Test11@27a5f880]" name="BeforeFirst" is-config="true" duration-ms="1" started-at="2020-10-01T22:55:13 IST" finished-at="2020-10-01T22:55:13 IST">
          <reporter-output>
          </reporter-output>
        </test-method> <!-- BeforeFirst -->
        <test-method status="PASS" signature="First()[pri:0, instance:test1.Test11@27a5f880]" name="First" duration-ms="2" started-at="2020-10-01T22:55:13 IST" finished-at="2020-10-01T22:55:13 IST">
          <reporter-output>
          </reporter-output>
        </test-method> <!-- First -->
        <test-method status="PASS" signature="AfterFirst()[pri:0, instance:test1.Test11@27a5f880]" name="AfterFirst" is-config="true" duration-ms="0" started-at="2020-10-01T22:55:13 IST" finished-at="2020-10-01T22:55:13 IST">
          <reporter-output>
          </reporter-output>
        </test-method> <!-- AfterFirst -->
      </class> <!-- test1.Test11 -->
    </test> <!-- pack -->
  </suite> <!-- Web -->
</testng-results>
