<?xml version="1.0" encoding="UTF-8"?>
<!-- Generated by org.testng.reporters.JUnitXMLReporter -->
<testsuite hostname="ADMINs-MacBook-Air-2.local" ignored="0" name="Test" tests="5" failures="0" timestamp="2020-08-19T03:08:39 IST" time="0.129" errors="0">
  <testcase name="First" time="0.009" classname="test.First"/>
  <testcase name="SecondTest" time="0.002" classname="test.First"/>
  <testcase name="MobileAndroidlogin" time="0.001" classname="test.newClass"/>
  <testcase name="MobileiOSlogin" time="0.003" classname="test.newClass"/>
  <testcase name="Weblogin" time="0.002" classname="test.newClass"/>
</testsuite> <!-- Test -->
