<?xml version="1.0" encoding="UTF-8"?>
<!-- Generated by org.testng.reporters.JUnitXMLReporter -->
<testsuite hostname="ADMINs-MacBook-Air-2.local" ignored="1" name="api" tests="4" failures="0" timestamp="2020-10-01T22:55:13 IST" time="0.021" errors="0">
  <testcase name="Apilogin" time="0.002" classname="test.ThirdClass"/>
  <testcase name="MobileAndroidApilogin" time="0.001" classname="test.ThirdClass"/>
  <testcase name="WebApilogin" time="0.002" classname="test.ThirdClass"/>
  <testcase name="First" time="0.001" classname="test1.Test11"/>
  <testcase name="MobileiOSApilogin" time="0.0" classname="test.ThirdClass">
    <ignored/>
  </testcase> <!-- MobileiOSApilogin -->
</testsuite> <!-- api -->
