<?xml version="1.0" encoding="UTF-8"?>
<!-- Generated by org.testng.reporters.JUnitXMLReporter -->
<testsuite hostname="ADMINs-MacBook-Air-2.local" ignored="3" name="Test" tests="1" failures="0" timestamp="2020-10-01T22:55:08 IST" time="0.054" errors="0">
  <testcase name="ThirdTest" time="0.007" classname="test.First"/>
  <testcase name="Weblogin" time="0.0" classname="test.newClass">
    <ignored/>
  </testcase> <!-- Weblogin -->
  <testcase name="MobileAndroidlogin" time="0.0" classname="test.newClass">
    <ignored/>
  </testcase> <!-- MobileAndroidlogin -->
  <testcase name="MobileiOSlogin" time="0.0" classname="test.newClass">
    <ignored/>
  </testcase> <!-- MobileiOSlogin -->
</testsuite> <!-- Test -->
